
======================================================================================
Read Image Definition (./HipsterBox/image.json)
======================================================================================

{
  "aliases": {
    "$schema": "../_schemas/aliases.schema.json",
    "dockerDesktopHyperV": {
      "configure": [
        "/workspaces/demo-images/HipsterBox/../_scripts/Configure-DockerDesktop.ps1"
      ],
      "features": [
        "Microsoft-Windows-Subsystem-Linux",
        "VirtualMachinePlatform",
        "Containers",
        "Microsoft-Hyper-V-All"
      ],
      "name": "Docker.DockerDesktop",
      "override": [
        "install",
        "--quiet",
        "--accept-license",
        "--backend=hyperv",
        "--always-run-service"
      ],
      "prepare": [
        "/workspaces/demo-images/HipsterBox/../_scripts/Install-WSL2.ps1"
      ],
      "scope": "machine"
    },
    "dockerDesktopWSL": {
      "configure": [
        "/workspaces/demo-images/HipsterBox/../_scripts/Configure-DockerDesktop.ps1"
      ],
      "features": [
        "Microsoft-Windows-Subsystem-Linux",
        "VirtualMachinePlatform",
        "Containers"
      ],
      "name": "Docker.DockerDesktop",
      "override": [
        "install",
        "--quiet",
        "--accept-license",
        "--backend=wsl-2",
        "--always-run-service"
      ],
      "prepare": [
        "/workspaces/demo-images/HipsterBox/../_scripts/Install-WSL2.ps1"
      ],
      "scope": "machine"
    },
    "git": {
      "configure": [
        "/workspaces/demo-images/HipsterBox/../_scripts/Configure-Git.ps1"
      ],
      "name": "Git.Git",
      "override": [
        "/VERYSILENT",
        "/SUPPRESSMSGBOXES",
        "/NORESTART",
        "/NOCANCEL",
        "/SP-",
        "/WindowsTerminal",
        "/WindowsTerminalProfile",
        "/DefaultBranchName:main",
        "/Editor:VisualStudioCode"
      ],
      "scope": "machine"
    },
    "vscode": {
      "name": "Microsoft.VisualStudioCode",
      "override": [
        "/VERYSILENT",
        "/NORESTART",
        "/MERGETASKS=desktopicon,addcontextmenufiles,addcontextmenufolders,associatewithfiles,addtopath,!runcode"
      ],
      "scope": "machine"
    }
  },
  "default": {
    "$schema": "../_schemas/default.schema.json",
    "configure": [
      "/workspaces/demo-images/HipsterBox/../_scripts/Configure-VisualStudio.ps1",
      "/workspaces/demo-images/HipsterBox/../_scripts/Configure-VisualStudioCode.ps1"
    ],
    "features": [],
    "packages": [
      {
        "name": "Microsoft.PowerShell",
        "scope": "machine"
      },
      {
        "name": "git",
        "source": "alias"
      },
      {
        "name": "Microsoft.WindowsAppRuntime.1.4",
        "scope": "machine"
      },
      {
        "name": "Microsoft.DevHome",
        "options": [
          "--skip-dependencies"
        ],
        "scope": "user"
      },
      {
        "name": "Microsoft.VisualStudio.Locator",
        "scope": "all"
      },
      {
        "name": "Microsoft.WindowsTerminal",
        "scope": "user"
      }
    ],
    "prepare": [
      "/workspaces/demo-images/HipsterBox/../_scripts/Install-BGInfo.ps1"
    ]
  },
  "environment": [
    "DEVBOX_HOME=C:\\DevBox",
    "DEVBOX_IMAGENAME=HipsterBox",
    "DEVBOX_IMAGEVERSION=2024.0412.1938"
  ],
  "factory": {
    "$schema": "../_schemas/factory.schema.json",
    "identity": "/subscriptions/bffe1654-7f9a-4630-b7b9-d24759a76222/resourceGroups/BLD-Carmada/providers/Microsoft.ManagedIdentity/userAssignedIdentities/Carmada",
    "region": "West Europe",
    "subscription": "f9fcf631-fa8d-4ea2-8298-61b43220a3d1"
  },
  "image": {
    "$schema": "../_schemas/image.schema.json",
    "archive": {
      "name": "",
      "resourceGroup": "ORG-CarmadaRnD",
      "subscription": "f9fcf631-fa8d-4ea2-8298-61b43220a3d1"
    },
    "base": {
      "offer": "windowsplustools",
      "publisher": "MicrosoftVisualStudio",
      "sku": "base-win11-gen2",
      "version": "latest"
    },
    "configure": [],
    "devCenter": {
      "compute": "general_i_8c32gb1024ssd_v2",
      "name": "CarmadaRnD",
      "resourceGroup": "ORG-CarmadaRnD",
      "storage": "ssd_1024gb",
      "subscription": "f9fcf631-fa8d-4ea2-8298-61b43220a3d1"
    },
    "devDrive": {
      "filters": [
        "bindFlt",
        "wcifs"
      ],
      "repositories": [
        {
          "repoUrl": "https://github.com/kubernetes/kubernetes.git"
        },
        {
          "repoUrl": "https://github.com/dotnet-architecture/eShopOnWeb.git"
        },
        {
          "repoUrl": "https://github.com/markusheiliger/courier.git",
          "tokenUrl": "https://carmada.vault.azure.net/secrets/GitHub/"
        }
      ],
      "sizeGB": 250
    },
    "features": [],
    "gallery": {
      "name": "CarmadaRnD",
      "resourceGroup": "ORG-CarmadaRnD",
      "subscription": "f9fcf631-fa8d-4ea2-8298-61b43220a3d1"
    },
    "offer": "CarmadaDev",
    "packages": [
      {
        "name": "vscode",
        "source": "alias"
      },
      {
        "name": "git",
        "source": "alias"
      },
      {
        "name": "GitHub.cli",
        "scope": "machine"
      },
      {
        "name": "GitHub.GitHubDesktop",
        "scope": "machine"
      },
      {
        "name": "Postman.Postman",
        "scope": "user"
      },
      {
        "name": "Google.Chrome",
        "scope": "machine"
      },
      {
        "name": "Mozilla.Firefox",
        "scope": "machine"
      }
    ],
    "prepare": [
      "/workspaces/demo-images/HipsterBox/../_scripts/Install-WSL2.ps1"
    ],
    "publisher": "CarmadaRnD",
    "regions": [
      "West Europe"
    ],
    "sku": "win11-hipster-devbox"
  },
  "path": {
    "devboxHome": "C:\\DevBox",
    "imageRoot": "/workspaces/demo-images/HipsterBox"
  },
  "resolved": {
    "configure": [
      "/workspaces/demo-images/HipsterBox/../_scripts/core/NOOP.ps1",
      "/workspaces/demo-images/HipsterBox/../_scripts/Configure-VisualStudio.ps1",
      "/workspaces/demo-images/HipsterBox/../_scripts/Configure-VisualStudioCode.ps1",
      "/workspaces/demo-images/HipsterBox/../_scripts/Configure-Git.ps1"
    ],
    "features": [
      "Microsoft-Hyper-V-All"
    ],
    "packages": [
      {
        "name": "Microsoft.PowerShell",
        "scope": "machine"
      },
      {
        "name": "Microsoft.WindowsAppRuntime.1.4",
        "scope": "machine"
      },
      {
        "name": "Microsoft.DevHome",
        "options": [
          "--skip-dependencies"
        ],
        "scope": "user"
      },
      {
        "name": "Microsoft.VisualStudio.Locator",
        "scope": "all"
      },
      {
        "name": "Microsoft.WindowsTerminal",
        "scope": "user"
      },
      {
        "name": "GitHub.cli",
        "scope": "machine"
      },
      {
        "name": "GitHub.GitHubDesktop",
        "scope": "machine"
      },
      {
        "name": "Postman.Postman",
        "scope": "user"
      },
      {
        "name": "Google.Chrome",
        "scope": "machine"
      },
      {
        "name": "Mozilla.Firefox",
        "scope": "machine"
      },
      {
        "configure": [
          "/workspaces/demo-images/HipsterBox/../_scripts/Configure-Git.ps1"
        ],
        "name": "Git.Git",
        "override": [
          "/VERYSILENT",
          "/SUPPRESSMSGBOXES",
          "/NORESTART",
          "/NOCANCEL",
          "/SP-",
          "/WindowsTerminal",
          "/WindowsTerminalProfile",
          "/DefaultBranchName:main",
          "/Editor:VisualStudioCode"
        ],
        "scope": "machine"
      },
      {
        "name": "Microsoft.VisualStudioCode",
        "override": [
          "/VERYSILENT",
          "/NORESTART",
          "/MERGETASKS=desktopicon,addcontextmenufiles,addcontextmenufolders,associatewithfiles,addtopath,!runcode"
        ],
        "scope": "machine"
      },
      {
        "configure": [
          "/workspaces/demo-images/HipsterBox/../_scripts/Configure-Git.ps1"
        ],
        "name": "Git.Git",
        "override": [
          "/VERYSILENT",
          "/SUPPRESSMSGBOXES",
          "/NORESTART",
          "/NOCANCEL",
          "/SP-",
          "/WindowsTerminal",
          "/WindowsTerminalProfile",
          "/DefaultBranchName:main",
          "/Editor:VisualStudioCode"
        ],
        "scope": "machine"
      }
    ],
    "prepare": [
      "/workspaces/demo-images/HipsterBox/../_scripts/core/NOOP.ps1",
      "/workspaces/demo-images/HipsterBox/../_scripts/Install-BGInfo.ps1",
      "/workspaces/demo-images/HipsterBox/../_scripts/Install-WSL2.ps1"
    ]
  },
  "update": {
    "filters": [
      "exclude:$_.Title -like '*Preview*'",
      "include:$true"
    ],
    "search": "BrowseOnly=0 and IsInstalled=0"
  },
  "variables": {
    "imageDefinition": "/workspaces/demo-images/HipsterBox/image.json",
    "imageName": "HipsterBox",
    "imageSuffix": "",
    "imageVersion": "2024.0412.1938"
  }
}

======================================================================================
Switch subscription context
======================================================================================


======================================================================================
Ensure Image Definition (./HipsterBox/image.json)
======================================================================================

{
  "architecture": "x64",
  "description": null,
  "disallowed": null,
  "endOfLifeDate": null,
  "eula": null,
  "features": [
    {
      "name": "IsHibernateSupported",
      "value": "True"
    },
    {
      "name": "SecurityType",
      "value": "TrustedLaunch"
    }
  ],
  "hyperVGeneration": "V2",
  "id": "/subscriptions/f9fcf631-fa8d-4ea2-8298-61b43220a3d1/resourceGroups/ORG-CarmadaRnD/providers/Microsoft.Compute/galleries/CarmadaRnD/images/HipsterBox-VSCODE",
  "identifier": {
    "offer": "CarmadaDev",
    "publisher": "vscode",
    "sku": "win11-hipster-devbox"
  },
  "location": "westeurope",
  "name": "HipsterBox-VSCODE",
  "osState": "Generalized",
  "osType": "Windows",
  "privacyStatementUri": null,
  "provisioningState": "Succeeded",
  "purchasePlan": null,
  "recommended": null,
  "releaseNoteUri": null,
  "resourceGroup": "ORG-CarmadaRnD",
  "tags": {},
  "type": "Microsoft.Compute/galleries/images"
}

======================================================================================
Initializing Image (./HipsterBox/image.json)
======================================================================================


======================================================================================
Building Image (./HipsterBox/image.json)
======================================================================================

2024-04-12T19:38:10Z: ==> azure-arm.vm: Running builder ...
2024-04-12T19:38:10Z:     azure-arm.vm: Creating Azure Resource Manager (ARM) client ...
2024-04-12T19:38:12Z: ==> azure-arm.vm: Getting source image id for the deployment ...
2024-04-12T19:38:12Z: ==> azure-arm.vm:  -> SourceImageName: '/subscriptions/f9fcf631-fa8d-4ea2-8298-61b43220a3d1/providers/Microsoft.Compute/locations/West Europe/publishers/MicrosoftVisualStudio/ArtifactTypes/vmimage/offers/windowsplustools/skus/base-win11-gen2/versions/latest'
2024-04-12T19:38:12Z: ==> azure-arm.vm: Creating resource group ...
2024-04-12T19:38:12Z: ==> azure-arm.vm:  -> ResourceGroupName : 'PKR-HIPSTERBOX-VSCODE-2024.0412.1938-CODESPACES-9DC3F4'
2024-04-12T19:38:12Z: ==> azure-arm.vm:  -> Location          : 'West Europe'
2024-04-12T19:38:12Z: ==> azure-arm.vm:  -> Tags              :
2024-04-12T19:38:12Z: ==> azure-arm.vm: Validating deployment template ...
2024-04-12T19:38:12Z: ==> azure-arm.vm:  -> ResourceGroupName : 'PKR-HIPSTERBOX-VSCODE-2024.0412.1938-CODESPACES-9DC3F4'
2024-04-12T19:38:12Z: ==> azure-arm.vm:  -> DeploymentName    : 'kvpkrdpwchvl70cnt'
2024-04-12T19:38:13Z: ==> azure-arm.vm: Deploying deployment template ...
2024-04-12T19:38:13Z: ==> azure-arm.vm:  -> ResourceGroupName : 'PKR-HIPSTERBOX-VSCODE-2024.0412.1938-CODESPACES-9DC3F4'
2024-04-12T19:38:13Z: ==> azure-arm.vm:  -> DeploymentName    : 'kvpkrdpwchvl70cnt'
2024-04-12T19:38:45Z: ==> azure-arm.vm: Getting the certificate's URL ...
2024-04-12T19:38:45Z: ==> azure-arm.vm:  -> Key Vault Name        : 'pkrkvwchvl70cnt'
2024-04-12T19:38:45Z: ==> azure-arm.vm:  -> Key Vault Secret Name : 'packerKeyVaultSecret'
2024-04-12T19:39:35Z: ==> azure-arm.vm:  -> Certificate URL       : 'https://pkrkvwchvl70cnt.vault.azure.net/secrets/packerKeyVaultSecret/4751cfc474414c9f804ee943f5f2214a'
2024-04-12T19:39:35Z: ==> azure-arm.vm: Setting the certificate's URL ...
2024-04-12T19:39:35Z: ==> azure-arm.vm: Validating deployment template ...
2024-04-12T19:39:35Z: ==> azure-arm.vm:  -> ResourceGroupName : 'PKR-HIPSTERBOX-VSCODE-2024.0412.1938-CODESPACES-9DC3F4'
2024-04-12T19:39:35Z: ==> azure-arm.vm:  -> DeploymentName    : 'pkrdpwchvl70cnt'
2024-04-12T19:39:36Z: ==> azure-arm.vm: Deploying deployment template ...
2024-04-12T19:39:36Z: ==> azure-arm.vm:  -> ResourceGroupName : 'PKR-HIPSTERBOX-VSCODE-2024.0412.1938-CODESPACES-9DC3F4'
2024-04-12T19:39:36Z: ==> azure-arm.vm:  -> DeploymentName    : 'pkrdpwchvl70cnt'
2024-04-12T19:40:37Z: ==> azure-arm.vm: Getting the VM's IP address ...
2024-04-12T19:40:37Z: ==> azure-arm.vm:  -> ResourceGroupName   : 'PKR-HIPSTERBOX-VSCODE-2024.0412.1938-CODESPACES-9DC3F4'
2024-04-12T19:40:37Z: ==> azure-arm.vm:  -> PublicIPAddressName : 'pkripwchvl70cnt'
2024-04-12T19:40:37Z: ==> azure-arm.vm:  -> NicName             : 'pkrniwchvl70cnt'
2024-04-12T19:40:37Z: ==> azure-arm.vm:  -> Network Connection  : 'PublicEndpoint'
2024-04-12T19:40:37Z: ==> azure-arm.vm:  -> IP Address          : '20.73.154.127'
2024-04-12T19:40:37Z: ==> azure-arm.vm: Waiting for WinRM to become available...
2024-04-12T19:40:51Z:     azure-arm.vm: WinRM connected.
2024-04-12T19:40:51Z: ==> azure-arm.vm: Connected to WinRM!
2024-04-12T19:40:51Z: ==> azure-arm.vm: Uploading /workspaces/demo-images/HipsterBox/../_scripts/modules/ => C:\DevBox/Modules/
2024-04-12T19:41:58Z: ==> azure-arm.vm: Uploading /workspaces/demo-images/HipsterBox/../_artifacts/ => C:\DevBox/Artifacts/
2024-04-12T19:42:01Z: ==> azure-arm.vm: Uploading /workspaces/demo-images/HipsterBox/artifacts/ => C:\DevBox/Artifacts/
2024-04-12T19:42:04Z: ==> azure-arm.vm: Provisioning with Powershell...
2024-04-12T19:42:04Z: ==> azure-arm.vm: Provisioning with powershell script: /workspaces/demo-images/HipsterBox/../_scripts/core/Initialize-VM.ps1
2024-04-12T19:42:12Z:     azure-arm.vm: >>> Importing PowerShell Module: C:\DevBox\Modules\DevBox
2024-04-12T19:42:12Z:     azure-arm.vm: ==========================================================================================================
2024-04-12T19:42:12Z:     azure-arm.vm: Setting DevBox environment variables
2024-04-12T19:42:12Z:     azure-arm.vm: ----------------------------------------------------------------------------------------------------------
2024-04-12T19:42:12Z:     azure-arm.vm:
2024-04-12T19:42:12Z:     azure-arm.vm: Name                           Value
2024-04-12T19:42:12Z:     azure-arm.vm: ----                           -----
2024-04-12T19:42:12Z:     azure-arm.vm: DEVBOX_IMAGENAME               HipsterBox-VSCODE
2024-04-12T19:42:12Z:     azure-arm.vm: DEVBOX_HOME                    C:\DevBox
2024-04-12T19:42:12Z:     azure-arm.vm: DEVBOX_IMAGEVERSION            2024.0412.1938
2024-04-12T19:42:12Z:     azure-arm.vm:
2024-04-12T19:42:12Z:     azure-arm.vm:
2024-04-12T19:42:12Z:     azure-arm.vm:
2024-04-12T19:42:16Z:     azure-arm.vm: ----------------------------------------------------------------------------------------------------------
2024-04-12T19:42:16Z:     azure-arm.vm: Finished after 00:00:00.139 as packer (elevated)
2024-04-12T19:42:16Z:     azure-arm.vm: ==========================================================================================================
2024-04-12T19:42:16Z:     azure-arm.vm: ==========================================================================================================
2024-04-12T19:42:16Z:     azure-arm.vm: Disable Defrag Schedule
2024-04-12T19:42:16Z:     azure-arm.vm: ----------------------------------------------------------------------------------------------------------
2024-04-12T19:42:23Z:     azure-arm.vm:
2024-04-12T19:42:23Z:     azure-arm.vm: TaskPath                                       TaskName                          State
2024-04-12T19:42:23Z:     azure-arm.vm: --------                                       --------                          -----
2024-04-12T19:42:23Z:     azure-arm.vm: \Microsoft\Windows\Defrag\                     ScheduledDefrag                   Disabled
2024-04-12T19:42:23Z:     azure-arm.vm:
2024-04-12T19:42:23Z:     azure-arm.vm:
2024-04-12T19:42:23Z:     azure-arm.vm:
2024-04-12T19:42:23Z:     azure-arm.vm: ----------------------------------------------------------------------------------------------------------
2024-04-12T19:42:23Z:     azure-arm.vm: Finished after 00:00:07.156 as packer (elevated)
2024-04-12T19:42:23Z:     azure-arm.vm: ==========================================================================================================
2024-04-12T19:42:23Z:     azure-arm.vm: ==========================================================================================================
2024-04-12T19:42:23Z:     azure-arm.vm: Enable AutoLogon
2024-04-12T19:42:23Z:     azure-arm.vm: ----------------------------------------------------------------------------------------------------------
2024-04-12T19:42:23Z:     azure-arm.vm: done
2024-04-12T19:42:23Z:     azure-arm.vm: ----------------------------------------------------------------------------------------------------------
2024-04-12T19:42:23Z:     azure-arm.vm: Finished after 00:00:00.026 as packer (elevated)
2024-04-12T19:42:23Z:     azure-arm.vm: ==========================================================================================================
2024-04-12T19:42:23Z:     azure-arm.vm: ==========================================================================================================
2024-04-12T19:42:23Z:     azure-arm.vm: Disable User Access Control
2024-04-12T19:42:23Z:     azure-arm.vm: ----------------------------------------------------------------------------------------------------------
2024-04-12T19:42:23Z:     azure-arm.vm: done
2024-04-12T19:42:23Z:     azure-arm.vm: ----------------------------------------------------------------------------------------------------------
2024-04-12T19:42:23Z:     azure-arm.vm: Finished after 00:00:00.010 as packer (elevated)
2024-04-12T19:42:23Z:     azure-arm.vm: ==========================================================================================================
2024-04-12T19:42:23Z:     azure-arm.vm: ==========================================================================================================
2024-04-12T19:42:23Z:     azure-arm.vm: Deleting Sysprep Logs
2024-04-12T19:42:23Z:     azure-arm.vm: ----------------------------------------------------------------------------------------------------------
2024-04-12T19:42:23Z:     azure-arm.vm: done
2024-04-12T19:42:23Z:     azure-arm.vm: ----------------------------------------------------------------------------------------------------------
2024-04-12T19:42:23Z:     azure-arm.vm: Finished after 00:00:00.026 as packer (elevated)
2024-04-12T19:42:23Z:     azure-arm.vm: ==========================================================================================================
2024-04-12T19:42:23Z:     azure-arm.vm: ==========================================================================================================
2024-04-12T19:42:23Z:     azure-arm.vm: Disable OneDrive Folder Backup
2024-04-12T19:42:23Z:     azure-arm.vm: ----------------------------------------------------------------------------------------------------------
2024-04-12T19:42:23Z:     azure-arm.vm: done
2024-04-12T19:42:23Z:     azure-arm.vm: ----------------------------------------------------------------------------------------------------------
2024-04-12T19:42:23Z:     azure-arm.vm: Finished after 00:00:00.031 as packer (elevated)
2024-04-12T19:42:23Z:     azure-arm.vm: ==========================================================================================================
2024-04-12T19:42:23Z:     azure-arm.vm: ==========================================================================================================
2024-04-12T19:42:23Z:     azure-arm.vm: Enable Windows Developer Mode
2024-04-12T19:42:23Z:     azure-arm.vm: ----------------------------------------------------------------------------------------------------------
2024-04-12T19:42:23Z:     azure-arm.vm: done
2024-04-12T19:42:23Z:     azure-arm.vm: ----------------------------------------------------------------------------------------------------------
2024-04-12T19:42:23Z:     azure-arm.vm: Finished after 00:00:00.011 as packer (elevated)
2024-04-12T19:42:23Z:     azure-arm.vm: ==========================================================================================================
2024-04-12T19:42:23Z:     azure-arm.vm: ==========================================================================================================
2024-04-12T19:42:23Z:     azure-arm.vm: Enable Hibernate Support
2024-04-12T19:42:23Z:     azure-arm.vm: ----------------------------------------------------------------------------------------------------------
2024-04-12T19:42:46Z:     azure-arm.vm: done
2024-04-12T19:42:46Z:     azure-arm.vm: ----------------------------------------------------------------------------------------------------------
2024-04-12T19:42:46Z:     azure-arm.vm: Finished after 00:00:22.881 as packer (elevated)
2024-04-12T19:42:46Z:     azure-arm.vm: ==========================================================================================================
2024-04-12T19:42:46Z:     azure-arm.vm: ==========================================================================================================
2024-04-12T19:42:46Z:     azure-arm.vm: Expand System Partition
2024-04-12T19:42:46Z:     azure-arm.vm: ----------------------------------------------------------------------------------------------------------
2024-04-12T19:43:04Z:     azure-arm.vm: >>> Resizing System Partition to 1023.45 GB
2024-04-12T19:43:04Z:     azure-arm.vm: ----------------------------------------------------------------------------------------------------------
2024-04-12T19:43:04Z:     azure-arm.vm: Finished after 00:00:18.563 as packer (elevated)
2024-04-12T19:43:04Z:     azure-arm.vm: ==========================================================================================================
2024-04-12T19:43:04Z:     azure-arm.vm: ==========================================================================================================
2024-04-12T19:43:04Z:     azure-arm.vm: Prepare Powershell Gallery
2024-04-12T19:43:04Z:     azure-arm.vm: ----------------------------------------------------------------------------------------------------------
2024-04-12T19:43:04Z:     azure-arm.vm: >>> Installing NuGet package provider
2024-04-12T19:43:09Z:     azure-arm.vm: >>> Register PSGallery
2024-04-12T19:43:13Z:     azure-arm.vm: >>> Upgrading Powershell Module: PowerShellGet
2024-04-12T19:43:24Z:     azure-arm.vm: ----------------------------------------------------------------------------------------------------------
2024-04-12T19:43:24Z:     azure-arm.vm: Finished after 00:00:19.834 as packer (elevated)
2024-04-12T19:43:24Z:     azure-arm.vm: ==========================================================================================================
2024-04-12T19:43:27Z: ==> azure-arm.vm: Restarting Machine
2024-04-12T19:43:27Z: ==> azure-arm.vm: Waiting for machine to restart...
2024-04-12T19:43:27Z: ==> azure-arm.vm: A system shutdown is in progress.(1115)
2024-04-12T19:44:03Z:     azure-arm.vm: pkrvmwchvl70cnt restarted.
2024-04-12T19:44:03Z: ==> azure-arm.vm: Machine successfully restarted, moving on
2024-04-12T19:44:03Z: ==> azure-arm.vm: Provisioning with Powershell...
2024-04-12T19:44:03Z: ==> azure-arm.vm: Provisioning with powershell script: /tmp/powershell-provisioner929753940
2024-04-12T19:44:14Z:     azure-arm.vm: >>> Importing PowerShell Module: C:\DevBox\Modules\DevBox
2024-04-12T19:44:16Z:     azure-arm.vm: ==========================================================================================================
2024-04-12T19:44:16Z:     azure-arm.vm: Enable Windows Features
2024-04-12T19:44:16Z:     azure-arm.vm: ----------------------------------------------------------------------------------------------------------
2024-04-12T19:44:16Z:     azure-arm.vm: - Microsoft-Hyper-V-All
2024-04-12T19:44:20Z:     azure-arm.vm: ----------------------------------------------------------------------------------------------------------
2024-04-12T19:44:20Z:     azure-arm.vm: Finished after 00:00:03.744 as packer (elevated)
2024-04-12T19:44:20Z:     azure-arm.vm: ==========================================================================================================
2024-04-12T19:44:20Z:     azure-arm.vm: ==========================================================================================================
2024-04-12T19:44:20Z:     azure-arm.vm: Enabled Windows Features
2024-04-12T19:44:20Z:     azure-arm.vm: ----------------------------------------------------------------------------------------------------------
2024-04-12T19:44:21Z:     azure-arm.vm: MediaPlayback
2024-04-12T19:44:21Z:     azure-arm.vm: Microsoft-Hyper-V
2024-04-12T19:44:21Z:     azure-arm.vm: Microsoft-Hyper-V-All
2024-04-12T19:44:21Z:     azure-arm.vm: Microsoft-Hyper-V-Hypervisor
2024-04-12T19:44:21Z:     azure-arm.vm: Microsoft-Hyper-V-Management-Clients
2024-04-12T19:44:21Z:     azure-arm.vm: Microsoft-Hyper-V-Management-PowerShell
2024-04-12T19:44:21Z:     azure-arm.vm: Microsoft-Hyper-V-Services
2024-04-12T19:44:21Z:     azure-arm.vm: Microsoft-Hyper-V-Tools-All
2024-04-12T19:44:21Z:     azure-arm.vm: Microsoft-RemoteDesktopConnection
2024-04-12T19:44:21Z:     azure-arm.vm: MicrosoftWindowsPowerShellV2
2024-04-12T19:44:21Z:     azure-arm.vm: MicrosoftWindowsPowerShellV2Root
2024-04-12T19:44:21Z:     azure-arm.vm: Microsoft-Windows-Subsystem-Linux
2024-04-12T19:44:21Z:     azure-arm.vm: MSRDC-Infrastructure
2024-04-12T19:44:21Z:     azure-arm.vm: NetFx4-AdvSrvs
2024-04-12T19:44:21Z:     azure-arm.vm: Printing-Foundation-Features
2024-04-12T19:44:21Z:     azure-arm.vm: Printing-Foundation-InternetPrinting-Client
2024-04-12T19:44:21Z:     azure-arm.vm: Printing-PrintToPDFServices-Features
2024-04-12T19:44:21Z:     azure-arm.vm: SearchEngine-Client-Package
2024-04-12T19:44:21Z:     azure-arm.vm: SmbDirect
2024-04-12T19:44:21Z:     azure-arm.vm: VirtualMachinePlatform
2024-04-12T19:44:21Z:     azure-arm.vm: WCF-Services45
2024-04-12T19:44:21Z:     azure-arm.vm: WCF-TCP-PortSharing45
2024-04-12T19:44:21Z:     azure-arm.vm: Windows-Defender-Default-Definitions
2024-04-12T19:44:21Z:     azure-arm.vm: WindowsMediaPlayer
2024-04-12T19:44:21Z:     azure-arm.vm: WorkFolders-Client
2024-04-12T19:44:21Z:     azure-arm.vm:
2024-04-12T19:44:21Z:     azure-arm.vm: ----------------------------------------------------------------------------------------------------------
2024-04-12T19:44:21Z:     azure-arm.vm: Finished after 00:00:01.530 as packer (elevated)
2024-04-12T19:44:21Z:     azure-arm.vm: ==========================================================================================================
2024-04-12T19:44:25Z: ==> azure-arm.vm: Restarting Machine
2024-04-12T19:44:25Z: ==> azure-arm.vm: Waiting for machine to restart...
2024-04-12T19:44:25Z: ==> azure-arm.vm: A system shutdown is in progress.(1115)
2024-04-12T19:44:35Z: ==> azure-arm.vm: A system shutdown is in progress.(1115)
2024-04-12T19:45:08Z:     azure-arm.vm: pkrvmwchvl70cnt restarted.
2024-04-12T19:45:09Z:     azure-arm.vm: False
2024-04-12T19:45:09Z:     azure-arm.vm: False
2024-04-12T19:45:10Z:     azure-arm.vm: False
2024-04-12T19:45:10Z: ==> azure-arm.vm: Machine successfully restarted, moving on
2024-04-12T19:45:10Z: ==> azure-arm.vm: Uploading the Windows update elevated script...
2024-04-12T19:45:12Z: ==> azure-arm.vm: Uploading the Windows update check for reboot required elevated script...
2024-04-12T19:45:15Z: ==> azure-arm.vm: Uploading the Windows update script...
2024-04-12T19:45:17Z: ==> azure-arm.vm: Running Windows update...
2024-04-12T19:45:24Z:     azure-arm.vm: Searching for Windows updates...
2024-04-12T19:45:44Z:     azure-arm.vm: Found Windows update (2024-03-27; 18.08 MB): Update for Windows Security platform antimalware platform - KB5007651 (Version 1.0.2402.27001)
2024-04-12T19:45:44Z:     azure-arm.vm: Found Windows update (2024-04-09; 65.82 MB): Windows Malicious Software Removal Tool x64 - v5.123 (KB890830)
2024-04-12T19:45:44Z:     azure-arm.vm: Found Windows update (2024-04-09; 66.28 MB): 2024-04 Cumulative Update for .NET Framework 3.5 and 4.8.1 for Windows 11, version 23H2 for x64 (KB5036620)
2024-04-12T19:45:44Z:     azure-arm.vm: Found Windows update (2024-04-12; 27.99 MB): Security Intelligence Update for Microsoft Defender Antivirus - KB2267602 (Version 1.409.222.0) - Current Channel (Broad)
2024-04-12T19:45:44Z:     azure-arm.vm: Found Windows update (2024-04-09; 130991.79 MB): 2024-04 Cumulative Update for Windows 11 Version 23H2 for x64-based Systems (KB5036893)
2024-04-12T19:45:44Z:     azure-arm.vm: Downloading Windows updates (5 updates; 131169.96 MB)...
2024-04-12T19:46:20Z:     azure-arm.vm: Waiting for operation to complete (system performance: 11% cpu; 10% memory)...
2024-04-12T19:47:21Z:     azure-arm.vm: Waiting for operation to complete (system performance: 19% cpu; 10% memory)...
2024-04-12T19:48:23Z:     azure-arm.vm: Waiting for operation to complete (system performance: 1% cpu; 11% memory)...
2024-04-12T19:49:24Z:     azure-arm.vm: Waiting for operation to complete (system performance: 1% cpu; 11% memory)...
2024-04-12T19:50:04Z:     azure-arm.vm: Installing Windows updates...
2024-04-12T19:50:25Z:     azure-arm.vm: Waiting for operation to complete (system performance: 5% cpu; 14% memory)...
2024-04-12T19:51:26Z:     azure-arm.vm: Waiting for operation to complete (system performance: 1% cpu; 13% memory)...
2024-04-12T19:52:27Z:     azure-arm.vm: Waiting for operation to complete (system performance: 1% cpu; 11% memory)...
2024-04-12T19:53:28Z:     azure-arm.vm: Waiting for operation to complete (system performance: 1% cpu; 12% memory)...
2024-04-12T19:54:29Z:     azure-arm.vm: Waiting for operation to complete (system performance: 2% cpu; 12% memory)...
2024-04-12T19:55:31Z:     azure-arm.vm: Waiting for operation to complete (system performance: 4% cpu; 13% memory)...
2024-04-12T19:56:32Z:     azure-arm.vm: Waiting for operation to complete (system performance: 1% cpu; 12% memory)...
2024-04-12T19:57:33Z:     azure-arm.vm: Waiting for operation to complete (system performance: 0% cpu; 13% memory)...
2024-04-12T19:58:34Z:     azure-arm.vm: Waiting for operation to complete (system performance: 0% cpu; 14% memory)...
2024-04-12T19:59:35Z:     azure-arm.vm: Waiting for operation to complete (system performance: 0% cpu; 13% memory)...
2024-04-12T20:00:36Z:     azure-arm.vm: Waiting for operation to complete (system performance: 13% cpu; 14% memory)...
2024-04-12T20:01:38Z:     azure-arm.vm: Waiting for operation to complete (system performance: 0% cpu; 16% memory)...
2024-04-12T20:02:39Z:     azure-arm.vm: Waiting for operation to complete (system performance: 1% cpu; 14% memory)...
2024-04-12T20:03:29Z:     azure-arm.vm: Waiting for the Windows Modules Installer to exit...
2024-04-12T20:03:40Z:     azure-arm.vm: Waiting for operation to complete (system performance: 0% cpu; 14% memory)...
2024-04-12T20:04:41Z:     azure-arm.vm: Waiting for operation to complete (system performance: 0% cpu; 14% memory)...
2024-04-12T20:05:42Z:     azure-arm.vm: Waiting for operation to complete (system performance: 0% cpu; 12% memory)...
2024-04-12T20:05:42Z: ==> azure-arm.vm: Restarting the machine...
2024-04-12T20:05:42Z: ==> azure-arm.vm: Waiting for machine to become available...
2024-04-12T20:05:42Z: ==> azure-arm.vm: A system shutdown is in progress.(1115)
2024-04-12T20:05:47Z: ==> azure-arm.vm: A system shutdown is in progress.(1115)
2024-04-12T20:05:52Z: ==> azure-arm.vm: A system shutdown is in progress.(1115)
